[backblue.gif]
[fade.gif]
[index.html]
[instantfxoptiontrade.com/images/bitcoin31.png]
[www.w3schools.com/w3css/4/w3.css]
[ajax.googleapis.com/ajax/libs/jquery/3.5.1/jquery.min.js]
[cdnjs.cloudflare.com/ajax/libs/popper.js/1.16.0/umd/popper.min.js]
[maxcdn.bootstrapcdn.com/bootstrap/4.5.2/js/bootstrap.min.js]
[unpkg.com/sweetalert/dist/sweetalert.min.11.delayed]
[unpkg.com/sweetalert@2.1.2/dist/sweetalert.min.js]
[instantfxoptiontrade.com/data/jquery/jquery.js]
[instantfxoptiontrade.com/data/jquery/jquery-migrate.min.js]
[instantfxoptiontrade.com/data/design/cryptonode/images/logo.png]
[instantfxoptiontrade.com/data/design/cryptonode/images/header.jpg]
[instantfxoptiontrade.com/data/design/cryptonode/js/modernizr.js]
[instantfxoptiontrade.com/data/design/cryptonode/js/pikaday.js]
[instantfxoptiontrade.com/data/design/cryptonode/js/jquery.swipebox.js]
[instantfxoptiontrade.com/data/design/cryptonode/js/bootstrap/bootstrap.min.js]
[instantfxoptiontrade.com/data/design/cryptonode/js/jquery.countdown.min.js]
[instantfxoptiontrade.com/data/design/cryptonode/js/doubletaptogo.js]
[instantfxoptiontrade.com/data/design/cryptonode/js/flexibility.js]
[instantfxoptiontrade.com/data/design/cryptonode/js/functions.js]
[instantfxoptiontrade.com/data/design/cryptonode/js/owlcarousel/owl.carousel.js]
[instantfxoptiontrade.com/data/plugins/js_composer/assets/js/dist/js_composer_front.min.js]
[instantfxoptiontrade.com/register.html]
[instantfxoptiontrade.com/data/plugins/js_composer/assets/lib/bower/font-awesome/css/font-awesome.min.css]
[instantfxoptiontrade.com/data/design/cryptonode/css/bootstrap.css]
[instantfxoptiontrade.com/data/design/cryptonode/css/core.css]
[instantfxoptiontrade.com/data/design/cryptonode/css/components.html]
[instantfxoptiontrade.com/data/design/cryptonode/css/button.css]
[instantfxoptiontrade.com/data/design/cryptonode/images/favicon.html]
[use.fontawesome.com/releases/v5.6.3/css/all.css]
[cdnjs.cloudflare.com/ajax/libs/font-awesome/4.7.0/css/font-awesome.min.css]
[www.w3schools.com/w3css/4/w3.css]
[maxcdn.bootstrapcdn.com/bootstrap/4.5.2/css/bootstrap.min.css]
[instantfxoptiontrade.com/data/plugins/js_composer/assets/css/js_composer.min.css]
[instantfxoptiontrade.com/index.html]
[instantfxoptiontrade.com/about.html]
[instantfxoptiontrade.com/faq.html]
[instantfxoptiontrade.com/rules.html]
[instantfxoptiontrade.com/contact.html]
[instantfxoptiontrade.com/signup.html]
[instantfxoptiontrade.com/register-2.html]
[instantfxoptiontrade.com/index38cd38cd.html]
[instantfxoptiontrade.com/signup-2.html]
[instantfxoptiontrade.com/data/design/cryptonode/images/coins.png]
[instantfxoptiontrade.com/data/design/cryptonode/images/statbg.jpg]
[instantfxoptiontrade.com/data/design/cryptonode/images/header-lines.png]
[instantfxoptiontrade.com/data/design/cryptonode/images/plansbg.jpg]
[instantfxoptiontrade.com/data/plugins/js_composer/assets/lib/bower/font-awesome/fonts/fontawesome-webfont.eot_v=4.7.html]
[instantfxoptiontrade.com/data/plugins/js_composer/assets/lib/bower/font-awesome/fonts/fontawesome-webfont.html]
[instantfxoptiontrade.com/data/plugins/js_composer/assets/lib/bower/font-awesome/fonts/fontawesome-webfont.woff2_v=4.7.html]
[instantfxoptiontrade.com/data/plugins/js_composer/assets/lib/bower/font-awesome/fonts/fontawesome-webfont.woff_v=4.7.0]
[instantfxoptiontrade.com/data/plugins/js_composer/assets/lib/bower/font-awesome/fonts/fontawesome-webfont.ttf_v=4.7.html]
[instantfxoptiontrade.com/data/plugins/js_composer/assets/lib/bower/font-awesome/fonts/fontawesome-webfont.svg_v=4.7.html]
[instantfxoptiontrade.com/data/design/cryptonode/css/boxed/pattern-1.html]
[instantfxoptiontrade.com/data/design/cryptonode/css/boxed/pattern-2.html]
[instantfxoptiontrade.com/data/design/cryptonode/css/boxed/pattern-3.html]
[instantfxoptiontrade.com/data/design/cryptonode/css/boxed/pattern-4.html]
[instantfxoptiontrade.com/data/design/cryptonode/css/boxed/pattern-5.html]
[instantfxoptiontrade.com/data/design/cryptonode/css/boxed/pattern-6.html]
[instantfxoptiontrade.com/data/design/cryptonode/css/boxed/pattern-7.html]
[instantfxoptiontrade.com/data/design/cryptonode/css/boxed/pattern-8.html]
[instantfxoptiontrade.com/data/design/cryptonode/css/boxed/pattern-9.html]
[instantfxoptiontrade.com/data/design/cryptonode/css/boxed/pattern-10.html]
[instantfxoptiontrade.com/data/design/cryptonode/css/boxed/pattern-11.html]
[instantfxoptiontrade.com/data/design/cryptonode/css/boxed/pattern-12.html]
[instantfxoptiontrade.com/data/plugins/js_composer/assets/vc/alert.png]
[instantfxoptiontrade.com/data/plugins/js_composer/assets/vc/info.png]
[instantfxoptiontrade.com/data/plugins/js_composer/assets/vc/tick.png]
[instantfxoptiontrade.com/data/plugins/js_composer/assets/vc/exclamation.png]
[instantfxoptiontrade.com/data/plugins/js_composer/assets/images/icons/address-book.png]
[instantfxoptiontrade.com/data/plugins/js_composer/assets/images/icons/alarm-clock.png]
[instantfxoptiontrade.com/data/plugins/js_composer/assets/images/icons/anchor.png]
[instantfxoptiontrade.com/data/plugins/js_composer/assets/images/icons/application-image.png]
[instantfxoptiontrade.com/data/plugins/js_composer/assets/images/icons/arrow.png]
[instantfxoptiontrade.com/data/plugins/js_composer/assets/images/icons/asterisk.png]
[instantfxoptiontrade.com/data/plugins/js_composer/assets/images/icons/auction-hammer.png]
[instantfxoptiontrade.com/data/plugins/js_composer/assets/images/icons/balloon.png]
[instantfxoptiontrade.com/data/plugins/js_composer/assets/images/icons/balloon-buzz.png]
[instantfxoptiontrade.com/data/plugins/js_composer/assets/images/icons/balloon-facebook.png]
[instantfxoptiontrade.com/data/plugins/js_composer/assets/images/icons/balloon-twitter.png]
[instantfxoptiontrade.com/data/plugins/js_composer/assets/images/icons/battery-full.png]
[instantfxoptiontrade.com/data/plugins/js_composer/assets/images/icons/binocular.png]
[instantfxoptiontrade.com/data/plugins/js_composer/assets/images/icons/blue-document-excel.png]
[instantfxoptiontrade.com/data/plugins/js_composer/assets/images/icons/blue-document-image.png]
[instantfxoptiontrade.com/data/plugins/js_composer/assets/images/icons/blue-document-music.png]
[instantfxoptiontrade.com/data/plugins/js_composer/assets/images/icons/blue-document-office.png]
[instantfxoptiontrade.com/data/plugins/js_composer/assets/images/icons/blue-document-pdf.png]
[instantfxoptiontrade.com/data/plugins/js_composer/assets/images/icons/blue-document-powerpoint.png]
[instantfxoptiontrade.com/data/plugins/js_composer/assets/images/icons/blue-document-word.png]
[instantfxoptiontrade.com/data/plugins/js_composer/assets/images/icons/bookmark.png]
[instantfxoptiontrade.com/data/plugins/js_composer/assets/images/icons/camcorder.png]
[instantfxoptiontrade.com/data/plugins/js_composer/assets/images/icons/camera.png]
[instantfxoptiontrade.com/data/plugins/js_composer/assets/images/icons/chart.png]
[instantfxoptiontrade.com/data/plugins/js_composer/assets/images/icons/chart-pie.png]
[instantfxoptiontrade.com/data/plugins/js_composer/assets/images/icons/clock.png]
[instantfxoptiontrade.com/data/plugins/js_composer/assets/images/icons/control.png]
[instantfxoptiontrade.com/data/plugins/js_composer/assets/images/icons/fire.png]
[instantfxoptiontrade.com/data/plugins/js_composer/assets/images/icons/heart.png]
[instantfxoptiontrade.com/data/plugins/js_composer/assets/images/icons/mail.png]
[instantfxoptiontrade.com/data/plugins/js_composer/assets/images/icons/plus-shield.png]
[instantfxoptiontrade.com/data/plugins/js_composer/assets/images/icons/video.png]
[instantfxoptiontrade.com/data/plugins/js_composer/assets/fonts/vc_icons_v2/fonts/vcpb-plugin-icons.html]
[instantfxoptiontrade.com/data/plugins/js_composer/assets/fonts/vc_icons_v2/fonts/vcpb-plugin-icons-2.html]
[instantfxoptiontrade.com/data/plugins/js_composer/assets/fonts/vc_icons_v2/fonts/vcpb-plugin-icons-3.html]
[instantfxoptiontrade.com/data/plugins/js_composer/assets/images/toggle_open.png]
[instantfxoptiontrade.com/data/plugins/js_composer/assets/images/toggle_close.png]
[instantfxoptiontrade.com/data/plugins/js_composer/assets/images/flickr.png]
[instantfxoptiontrade.com/data/plugins/js_composer/assets/fonts/vc_grid/vc_grid_v1.html]
[instantfxoptiontrade.com/data/plugins/js_composer/assets/fonts/vc_grid/vc_grid_v1-2.html]
[instantfxoptiontrade.com/data/plugins/js_composer/assets/fonts/vc_grid/vc_grid_v1-3.html]
[instantfxoptiontrade.com/data/plugins/js_composer/assets/fonts/vc_grid/vc_grid_v1-4.html]
[instantfxoptiontrade.com/data/plugins/js_composer/assets/fonts/vc_grid/vc_grid_v1-5.html]
[instantfxoptiontrade.com/data/plugins/js_composer/assets/images/spinner.gif]
[instantfxoptiontrade.com/data/plugins/js_composer/assets/vc/remove.png]
[instantfxoptiontrade.com/data/design/cryptonode/images/header-line.png]
[widgets.coingecko.com/coingecko-coin-price-marquee-widget.js]
[instantfxoptiontrade.com/data/design/cryptonode/images/icon-security.png]
[instantfxoptiontrade.com/data/design/cryptonode/images/icon-legal.png]
[instantfxoptiontrade.com/data/design/cryptonode/images/icon-card.png]
[instantfxoptiontrade.com/data/design/cryptonode/images/icon-money.png]
[code.tidio.co/v0th9936o09hdauo5rlrfhlusagnlale.js]
[instantfxoptiontrade.com/data/design/cryptonode/images/icons/calendar.png]
[instantfxoptiontrade.com/data/design/cryptonode/images/icons/shield.png]
[instantfxoptiontrade.com/data/design/cryptonode/images/icons/cash.png]
[instantfxoptiontrade.com/data/design/cryptonode/images/icons/deposits.png]
[instantfxoptiontrade.com/data/design/cryptonode/images/statbg2.jpg]
[instantfxoptiontrade.com/data/design/cryptonode/images/deposit.png]
[instantfxoptiontrade.com/data/design/cryptonode/images/pay/18.png]
[instantfxoptiontrade.com/data/design/cryptonode/images/withdraw.png]
[instantfxoptiontrade.com/data/design/cryptonode/images/pay/pay-big/18.png]
[instantfxoptiontrade.com/data/design/cryptonode/images/pay/pay-big/43.png]
[instantfxoptiontrade.com/data/design/cryptonode/images/pay/pay-big/48.png]
[instantfxoptiontrade.com/data/design/cryptonode/images/pay/pay-big/68.png]
[instantfxoptiontrade.com/data/design/cryptonode/images/pay/pay-big/79.png]
[instantfxoptiontrade.com/data/design/cryptonode/images/pay/pay-big/69.png]
[instantfxoptiontrade.com/data/design/cryptonode/images/certificate.jpg]
[instantfxoptiontrade.com/index-2.html]
[instantfxoptiontrade.com/data/design/cryptonode/images/about2.jpg]
[instantfxoptiontrade.com/POST.html]
[instantfxoptiontrade.com/index38983898.html]
[instantfxoptiontrade.com/indexa972a972.html]
[instantfxoptiontrade.com/index15a015a0.html]
